app/build/app/intermediates/manifest_merge_blame_file/release/manifest-merger-blame-release-report.txt
1<?xml version="1.0" encoding="utf-8"?>
2<manifest xmlns:android="http://schemas.android.com/apk/res/android"
3    package="com.example.hello"
4    android:versionCode="4001"
5    android:versionName="1.0.0" >
6
7    <uses-sdk
8        android:minSdkVersion="16"
8-->src\main\AndroidManifest.xml
9        android:targetSdkVersion="33" />
9-->src\main\AndroidManifest.xml
10
11    <uses-permission android:name="android.permission.READ_EXTERNAL_STORAGE" />
11-->[:file_picker] AndroidManifest.xml:9:5-80
11-->[:file_picker] AndroidManifest.xml:9:22-77
12
13    <queries>
13-->[:file_picker] AndroidManifest.xml:11:5-17:15
14        <intent>
14-->[:file_picker] AndroidManifest.xml:12:9-16:18
15            <action android:name="android.intent.action.GET_CONTENT" />
15-->[:file_picker] AndroidManifest.xml:13:13-72
15-->[:file_picker] AndroidManifest.xml:13:21-69
16
17            <data android:mimeType="*/*" />
17-->[:file_picker] AndroidManifest.xml:15:13-44
17-->[:file_picker] AndroidManifest.xml:15:19-41
18        </intent>
19    </queries>
20
21    <uses-permission android:name="android.permission.CAMERA" />
21-->[:flutter_barcode_scanner] AndroidManifest.xml:9:5-65
21-->[:flutter_barcode_scanner] AndroidManifest.xml:9:22-62
22
23    <uses-feature android:name="android.hardware.camera" />
23-->[:flutter_barcode_scanner] AndroidManifest.xml:11:5-60
23-->[:flutter_barcode_scanner] AndroidManifest.xml:11:19-57
24
25    <uses-permission android:name="android.permission.FLASHLIGHT" />
25-->[:flutter_barcode_scanner] AndroidManifest.xml:13:5-69
25-->[:flutter_barcode_scanner] AndroidManifest.xml:13:22-66
26    <uses-permission android:name="android.permission.ACCESS_NETWORK_STATE" />
26-->[:network_info_plus] AndroidManifest.xml:9:5-79
26-->[:network_info_plus] AndroidManifest.xml:9:22-76
27    <uses-permission android:name="android.permission.ACCESS_WIFI_STATE" />
27-->[:network_info_plus] AndroidManifest.xml:10:5-76
27-->[:network_info_plus] AndroidManifest.xml:10:22-73
28
29    <application
30        android:name="android.app.Application"
30-->src\main\AndroidManifest.xml:5:9-42
31        android:appComponentFactory="androidx.core.app.CoreComponentFactory"
31-->[androidx.core:core:1.6.0] AndroidManifest.xml:24:18-86
32        android:icon="@mipmap/launcher_icon"
32-->src\main\AndroidManifest.xml:6:9-45
33        android:label="Icaros"
33-->src\main\AndroidManifest.xml:4:9-31
34        android:largeHeap="true"
34-->[:flutter_barcode_scanner] AndroidManifest.xml:16:9-33
35        android:theme="@style/Theme.AppCompat.NoActionBar" >
35-->[:flutter_barcode_scanner] AndroidManifest.xml:17:9-59
36        <activity
36-->src\main\AndroidManifest.xml:7:9-27:20
37            android:name="com.example.hello.MainActivity"
37-->src\main\AndroidManifest.xml:8:13-41
38            android:configChanges="orientation|keyboardHidden|keyboard|screenSize|smallestScreenSize|locale|layoutDirection|fontScale|screenLayout|density|uiMode"
38-->src\main\AndroidManifest.xml:12:13-163
39            android:exported="true"
39-->src\main\AndroidManifest.xml:9:13-36
40            android:hardwareAccelerated="true"
40-->src\main\AndroidManifest.xml:13:13-47
41            android:launchMode="singleTop"
41-->src\main\AndroidManifest.xml:10:13-43
42            android:theme="@style/LaunchTheme"
42-->src\main\AndroidManifest.xml:11:13-47
43            android:windowSoftInputMode="adjustResize" >
43-->src\main\AndroidManifest.xml:14:13-55
44
45            <!--
46                 Specifies an Android theme to apply to this Activity as soon as
47                 the Android process has started. This theme is visible to the user
48                 while the Flutter UI initializes. After that, this theme continues
49                 to determine the Window background behind the Flutter UI.
50            -->
51            <meta-data
51-->src\main\AndroidManifest.xml:19:13-22:17
52                android:name="io.flutter.embedding.android.NormalTheme"
52-->src\main\AndroidManifest.xml:20:15-70
53                android:resource="@style/NormalTheme" />
53-->src\main\AndroidManifest.xml:21:15-52
54
55            <intent-filter>
55-->src\main\AndroidManifest.xml:23:13-26:29
56                <action android:name="android.intent.action.MAIN" />
56-->src\main\AndroidManifest.xml:24:17-68
56-->src\main\AndroidManifest.xml:24:25-66
57
58                <category android:name="android.intent.category.LAUNCHER" />
58-->src\main\AndroidManifest.xml:25:17-76
58-->src\main\AndroidManifest.xml:25:27-74
59            </intent-filter>
60        </activity>
61        <!--
62             Don't delete the meta-data below.
63             This is used by the Flutter tool to generate GeneratedPluginRegistrant.java
64        -->
65        <meta-data
65-->src\main\AndroidManifest.xml:30:9-32:33
66            android:name="flutterEmbedding"
66-->src\main\AndroidManifest.xml:31:13-44
67            android:value="2" />
67-->src\main\AndroidManifest.xml:32:13-30
68
69        <activity android:name="com.amolg.flutterbarcodescanner.BarcodeCaptureActivity" />
69-->[:flutter_barcode_scanner] AndroidManifest.xml:18:9-91
69-->[:flutter_barcode_scanner] AndroidManifest.xml:18:19-88
70
71        <uses-library
71-->[androidx.window:window:1.0.0-beta04] AndroidManifest.xml:25:9-27:40
72            android:name="androidx.window.extensions"
72-->[androidx.window:window:1.0.0-beta04] AndroidManifest.xml:26:13-54
73            android:required="false" />
73-->[androidx.window:window:1.0.0-beta04] AndroidManifest.xml:27:13-37
74        <uses-library
74-->[androidx.window:window:1.0.0-beta04] AndroidManifest.xml:28:9-30:40
75            android:name="androidx.window.sidecar"
75-->[androidx.window:window:1.0.0-beta04] AndroidManifest.xml:29:13-51
76            android:required="false" />
76-->[androidx.window:window:1.0.0-beta04] AndroidManifest.xml:30:13-37
77
78        <activity
78-->[com.google.android.gms:play-services-base:17.4.0] AndroidManifest.xml:23:9-26:75
79            android:name="com.google.android.gms.common.api.GoogleApiActivity"
79-->[com.google.android.gms:play-services-base:17.4.0] AndroidManifest.xml:24:13-79
80            android:exported="false"
80-->[com.google.android.gms:play-services-base:17.4.0] AndroidManifest.xml:25:13-37
81            android:theme="@android:style/Theme.Translucent.NoTitleBar" />
81-->[com.google.android.gms:play-services-base:17.4.0] AndroidManifest.xml:26:13-72
82
83        <meta-data
83-->[com.google.android.gms:play-services-basement:17.4.0] AndroidManifest.xml:23:9-25:69
84            android:name="com.google.android.gms.version"
84-->[com.google.android.gms:play-services-basement:17.4.0] AndroidManifest.xml:24:13-58
85            android:value="@integer/google_play_services_version" />
85-->[com.google.android.gms:play-services-basement:17.4.0] AndroidManifest.xml:25:13-66
86    </application>
87
88</manifest>